{"message":"unused import: `std::io::Read`","code":{"code":"unused_imports","explanation":null},"level":"warning","spans":[{"file_name":"src\\main.rs","byte_start":24,"byte_end":37,"line_start":2,"line_end":2,"column_start":5,"column_end":18,"is_primary":true,"text":[{"text":"use std::io::Read;","highlight_start":5,"highlight_end":18}],"label":null,"suggested_replacement":null,"suggestion_applicability":null,"expansion":null}],"children":[{"message":"`#[warn(unused_imports)]` on by default","code":null,"level":"note","spans":[],"children":[],"rendered":null},{"message":"remove the whole `use` item","code":null,"level":"help","spans":[{"file_name":"src\\main.rs","byte_start":20,"byte_end":38,"line_start":2,"line_end":2,"column_start":1,"column_end":19,"is_primary":true,"text":[{"text":"use std::io::Read;","highlight_start":1,"highlight_end":19}],"label":null,"suggested_replacement":"","suggestion_applicability":"MachineApplicable","expansion":null}],"children":[],"rendered":null}],"rendered":"\u001b[0m\u001b[1m\u001b[38;5;11mwarning\u001b[0m\u001b[0m\u001b[1m\u001b[38;5;15m: unused import: `std::io::Read`\u001b[0m\n\u001b[0m \u001b[0m\u001b[0m\u001b[1m\u001b[38;5;14m--> \u001b[0m\u001b[0msrc\\main.rs:2:5\u001b[0m\n\u001b[0m  \u001b[0m\u001b[0m\u001b[1m\u001b[38;5;14m|\u001b[0m\n\u001b[0m\u001b[1m\u001b[38;5;14m2\u001b[0m\u001b[0m \u001b[0m\u001b[0m\u001b[1m\u001b[38;5;14m|\u001b[0m\u001b[0m \u001b[0m\u001b[0muse std::io::Read;\u001b[0m\n\u001b[0m  \u001b[0m\u001b[0m\u001b[1m\u001b[38;5;14m| \u001b[0m\u001b[0m    \u001b[0m\u001b[0m\u001b[1m\u001b[38;5;11m^^^^^^^^^^^^^\u001b[0m\n\u001b[0m  \u001b[0m\u001b[0m\u001b[1m\u001b[38;5;14m|\u001b[0m\n\u001b[0m  \u001b[0m\u001b[0m\u001b[1m\u001b[38;5;14m= \u001b[0m\u001b[0m\u001b[1m\u001b[38;5;15mnote\u001b[0m\u001b[0m: `#[warn(unused_imports)]` on by default\u001b[0m\n\n"}
{"message":"mismatched types","code":{"code":"E0308","explanation":"Expected type did not match the received type.\n\nErroneous code examples:\n\n```compile_fail,E0308\nfn plus_one(x: i32) -> i32 {\n    x + 1\n}\n\nplus_one(\"Not a number\");\n//       ^^^^^^^^^^^^^^ expected `i32`, found `&str`\n\nif \"Not a bool\" {\n// ^^^^^^^^^^^^ expected `bool`, found `&str`\n}\n\nlet x: f32 = \"Not a float\";\n//     ---   ^^^^^^^^^^^^^ expected `f32`, found `&str`\n//     |\n//     expected due to this\n```\n\nThis error occurs when an expression was used in a place where the compiler\nexpected an expression of a different type. It can occur in several cases, the\nmost common being when calling a function and passing an argument which has a\ndifferent type than the matching type in the function declaration.\n"},"level":"error","spans":[{"file_name":"src\\main.rs","byte_start":590,"byte_end":604,"line_start":13,"line_end":13,"column_start":15,"column_end":29,"is_primary":true,"text":[{"text":"    if s_n == \"Oluchi Mordi\"{","highlight_start":15,"highlight_end":29}],"label":"expected `(&str, &str, &str, &str, ...)`, found `&str`","suggested_replacement":null,"suggestion_applicability":null,"expansion":null}],"children":[{"message":" expected tuple `(&str, &str, &str, &str, &str)`\nfound reference `&'static str`","code":null,"level":"note","spans":[],"children":[],"rendered":null}],"rendered":"\u001b[0m\u001b[1m\u001b[38;5;9merror[E0308]\u001b[0m\u001b[0m\u001b[1m\u001b[38;5;15m: mismatched types\u001b[0m\n\u001b[0m  \u001b[0m\u001b[0m\u001b[1m\u001b[38;5;14m--> \u001b[0m\u001b[0msrc\\main.rs:13:15\u001b[0m\n\u001b[0m   \u001b[0m\u001b[0m\u001b[1m\u001b[38;5;14m|\u001b[0m\n\u001b[0m\u001b[1m\u001b[38;5;14m13\u001b[0m\u001b[0m \u001b[0m\u001b[0m\u001b[1m\u001b[38;5;14m|\u001b[0m\u001b[0m \u001b[0m\u001b[0m    if s_n == \"Oluchi Mordi\"{\u001b[0m\n\u001b[0m   \u001b[0m\u001b[0m\u001b[1m\u001b[38;5;14m| \u001b[0m\u001b[0m              \u001b[0m\u001b[0m\u001b[1m\u001b[38;5;9m^^^^^^^^^^^^^^\u001b[0m\u001b[0m \u001b[0m\u001b[0m\u001b[1m\u001b[38;5;9mexpected `(&str, &str, &str, &str, ...)`, found `&str`\u001b[0m\n\u001b[0m   \u001b[0m\u001b[0m\u001b[1m\u001b[38;5;14m|\u001b[0m\n\u001b[0m   \u001b[0m\u001b[0m\u001b[1m\u001b[38;5;14m= \u001b[0m\u001b[0m\u001b[1m\u001b[38;5;15mnote\u001b[0m\u001b[0m:  expected tuple `\u001b[0m\u001b[0m\u001b[1m(&str, &str, &str, &str, &str)\u001b[0m\u001b[0m`\u001b[0m\n\u001b[0m           found reference `\u001b[0m\u001b[0m\u001b[1m&'static str\u001b[0m\u001b[0m`\u001b[0m\n\n"}
{"message":"mismatched types","code":{"code":"E0308","explanation":"Expected type did not match the received type.\n\nErroneous code examples:\n\n```compile_fail,E0308\nfn plus_one(x: i32) -> i32 {\n    x + 1\n}\n\nplus_one(\"Not a number\");\n//       ^^^^^^^^^^^^^^ expected `i32`, found `&str`\n\nif \"Not a bool\" {\n// ^^^^^^^^^^^^ expected `bool`, found `&str`\n}\n\nlet x: f32 = \"Not a float\";\n//     ---   ^^^^^^^^^^^^^ expected `f32`, found `&str`\n//     |\n//     expected due to this\n```\n\nThis error occurs when an expression was used in a place where the compiler\nexpected an expression of a different type. It can occur in several cases, the\nmost common being when calling a function and passing an argument which has a\ndifferent type than the matching type in the function declaration.\n"},"level":"error","spans":[{"file_name":"src\\main.rs","byte_start":679,"byte_end":692,"line_start":16,"line_end":16,"column_start":20,"column_end":33,"is_primary":true,"text":[{"text":"    else if s_n == \"Adams Aliyu\"{","highlight_start":20,"highlight_end":33}],"label":"expected `(&str, &str, &str, &str, ...)`, found `&str`","suggested_replacement":null,"suggestion_applicability":null,"expansion":null}],"children":[{"message":" expected tuple `(&str, &str, &str, &str, &str)`\nfound reference `&'static str`","code":null,"level":"note","spans":[],"children":[],"rendered":null}],"rendered":"\u001b[0m\u001b[1m\u001b[38;5;9merror[E0308]\u001b[0m\u001b[0m\u001b[1m\u001b[38;5;15m: mismatched types\u001b[0m\n\u001b[0m  \u001b[0m\u001b[0m\u001b[1m\u001b[38;5;14m--> \u001b[0m\u001b[0msrc\\main.rs:16:20\u001b[0m\n\u001b[0m   \u001b[0m\u001b[0m\u001b[1m\u001b[38;5;14m|\u001b[0m\n\u001b[0m\u001b[1m\u001b[38;5;14m16\u001b[0m\u001b[0m \u001b[0m\u001b[0m\u001b[1m\u001b[38;5;14m|\u001b[0m\u001b[0m \u001b[0m\u001b[0m    else if s_n == \"Adams Aliyu\"{\u001b[0m\n\u001b[0m   \u001b[0m\u001b[0m\u001b[1m\u001b[38;5;14m| \u001b[0m\u001b[0m                   \u001b[0m\u001b[0m\u001b[1m\u001b[38;5;9m^^^^^^^^^^^^^\u001b[0m\u001b[0m \u001b[0m\u001b[0m\u001b[1m\u001b[38;5;9mexpected `(&str, &str, &str, &str, ...)`, found `&str`\u001b[0m\n\u001b[0m   \u001b[0m\u001b[0m\u001b[1m\u001b[38;5;14m|\u001b[0m\n\u001b[0m   \u001b[0m\u001b[0m\u001b[1m\u001b[38;5;14m= \u001b[0m\u001b[0m\u001b[1m\u001b[38;5;15mnote\u001b[0m\u001b[0m:  expected tuple `\u001b[0m\u001b[0m\u001b[1m(&str, &str, &str, &str, &str)\u001b[0m\u001b[0m`\u001b[0m\n\u001b[0m           found reference `\u001b[0m\u001b[0m\u001b[1m&'static str\u001b[0m\u001b[0m`\u001b[0m\n\n"}
{"message":"mismatched types","code":{"code":"E0308","explanation":"Expected type did not match the received type.\n\nErroneous code examples:\n\n```compile_fail,E0308\nfn plus_one(x: i32) -> i32 {\n    x + 1\n}\n\nplus_one(\"Not a number\");\n//       ^^^^^^^^^^^^^^ expected `i32`, found `&str`\n\nif \"Not a bool\" {\n// ^^^^^^^^^^^^ expected `bool`, found `&str`\n}\n\nlet x: f32 = \"Not a float\";\n//     ---   ^^^^^^^^^^^^^ expected `f32`, found `&str`\n//     |\n//     expected due to this\n```\n\nThis error occurs when an expression was used in a place where the compiler\nexpected an expression of a different type. It can occur in several cases, the\nmost common being when calling a function and passing an argument which has a\ndifferent type than the matching type in the function declaration.\n"},"level":"error","spans":[{"file_name":"src\\main.rs","byte_start":767,"byte_end":782,"line_start":19,"line_end":19,"column_start":20,"column_end":35,"is_primary":true,"text":[{"text":"    else if s_n == \"Shania Bolade\"{","highlight_start":20,"highlight_end":35}],"label":"expected `(&str, &str, &str, &str, ...)`, found `&str`","suggested_replacement":null,"suggestion_applicability":null,"expansion":null}],"children":[{"message":" expected tuple `(&str, &str, &str, &str, &str)`\nfound reference `&'static str`","code":null,"level":"note","spans":[],"children":[],"rendered":null}],"rendered":"\u001b[0m\u001b[1m\u001b[38;5;9merror[E0308]\u001b[0m\u001b[0m\u001b[1m\u001b[38;5;15m: mismatched types\u001b[0m\n\u001b[0m  \u001b[0m\u001b[0m\u001b[1m\u001b[38;5;14m--> \u001b[0m\u001b[0msrc\\main.rs:19:20\u001b[0m\n\u001b[0m   \u001b[0m\u001b[0m\u001b[1m\u001b[38;5;14m|\u001b[0m\n\u001b[0m\u001b[1m\u001b[38;5;14m19\u001b[0m\u001b[0m \u001b[0m\u001b[0m\u001b[1m\u001b[38;5;14m|\u001b[0m\u001b[0m \u001b[0m\u001b[0m    else if s_n == \"Shania Bolade\"{\u001b[0m\n\u001b[0m   \u001b[0m\u001b[0m\u001b[1m\u001b[38;5;14m| \u001b[0m\u001b[0m                   \u001b[0m\u001b[0m\u001b[1m\u001b[38;5;9m^^^^^^^^^^^^^^^\u001b[0m\u001b[0m \u001b[0m\u001b[0m\u001b[1m\u001b[38;5;9mexpected `(&str, &str, &str, &str, ...)`, found `&str`\u001b[0m\n\u001b[0m   \u001b[0m\u001b[0m\u001b[1m\u001b[38;5;14m|\u001b[0m\n\u001b[0m   \u001b[0m\u001b[0m\u001b[1m\u001b[38;5;14m= \u001b[0m\u001b[0m\u001b[1m\u001b[38;5;15mnote\u001b[0m\u001b[0m:  expected tuple `\u001b[0m\u001b[0m\u001b[1m(&str, &str, &str, &str, &str)\u001b[0m\u001b[0m`\u001b[0m\n\u001b[0m           found reference `\u001b[0m\u001b[0m\u001b[1m&'static str\u001b[0m\u001b[0m`\u001b[0m\n\n"}
{"message":"mismatched types","code":{"code":"E0308","explanation":"Expected type did not match the received type.\n\nErroneous code examples:\n\n```compile_fail,E0308\nfn plus_one(x: i32) -> i32 {\n    x + 1\n}\n\nplus_one(\"Not a number\");\n//       ^^^^^^^^^^^^^^ expected `i32`, found `&str`\n\nif \"Not a bool\" {\n// ^^^^^^^^^^^^ expected `bool`, found `&str`\n}\n\nlet x: f32 = \"Not a float\";\n//     ---   ^^^^^^^^^^^^^ expected `f32`, found `&str`\n//     |\n//     expected due to this\n```\n\nThis error occurs when an expression was used in a place where the compiler\nexpected an expression of a different type. It can occur in several cases, the\nmost common being when calling a function and passing an argument which has a\ndifferent type than the matching type in the function declaration.\n"},"level":"error","spans":[{"file_name":"src\\main.rs","byte_start":857,"byte_end":872,"line_start":22,"line_end":22,"column_start":20,"column_end":35,"is_primary":true,"text":[{"text":"    else if s_n == \"Adekunle Gold\"{","highlight_start":20,"highlight_end":35}],"label":"expected `(&str, &str, &str, &str, ...)`, found `&str`","suggested_replacement":null,"suggestion_applicability":null,"expansion":null}],"children":[{"message":" expected tuple `(&str, &str, &str, &str, &str)`\nfound reference `&'static str`","code":null,"level":"note","spans":[],"children":[],"rendered":null}],"rendered":"\u001b[0m\u001b[1m\u001b[38;5;9merror[E0308]\u001b[0m\u001b[0m\u001b[1m\u001b[38;5;15m: mismatched types\u001b[0m\n\u001b[0m  \u001b[0m\u001b[0m\u001b[1m\u001b[38;5;14m--> \u001b[0m\u001b[0msrc\\main.rs:22:20\u001b[0m\n\u001b[0m   \u001b[0m\u001b[0m\u001b[1m\u001b[38;5;14m|\u001b[0m\n\u001b[0m\u001b[1m\u001b[38;5;14m22\u001b[0m\u001b[0m \u001b[0m\u001b[0m\u001b[1m\u001b[38;5;14m|\u001b[0m\u001b[0m \u001b[0m\u001b[0m    else if s_n == \"Adekunle Gold\"{\u001b[0m\n\u001b[0m   \u001b[0m\u001b[0m\u001b[1m\u001b[38;5;14m| \u001b[0m\u001b[0m                   \u001b[0m\u001b[0m\u001b[1m\u001b[38;5;9m^^^^^^^^^^^^^^^\u001b[0m\u001b[0m \u001b[0m\u001b[0m\u001b[1m\u001b[38;5;9mexpected `(&str, &str, &str, &str, ...)`, found `&str`\u001b[0m\n\u001b[0m   \u001b[0m\u001b[0m\u001b[1m\u001b[38;5;14m|\u001b[0m\n\u001b[0m   \u001b[0m\u001b[0m\u001b[1m\u001b[38;5;14m= \u001b[0m\u001b[0m\u001b[1m\u001b[38;5;15mnote\u001b[0m\u001b[0m:  expected tuple `\u001b[0m\u001b[0m\u001b[1m(&str, &str, &str, &str, &str)\u001b[0m\u001b[0m`\u001b[0m\n\u001b[0m           found reference `\u001b[0m\u001b[0m\u001b[1m&'static str\u001b[0m\u001b[0m`\u001b[0m\n\n"}
{"message":"mismatched types","code":{"code":"E0308","explanation":"Expected type did not match the received type.\n\nErroneous code examples:\n\n```compile_fail,E0308\nfn plus_one(x: i32) -> i32 {\n    x + 1\n}\n\nplus_one(\"Not a number\");\n//       ^^^^^^^^^^^^^^ expected `i32`, found `&str`\n\nif \"Not a bool\" {\n// ^^^^^^^^^^^^ expected `bool`, found `&str`\n}\n\nlet x: f32 = \"Not a float\";\n//     ---   ^^^^^^^^^^^^^ expected `f32`, found `&str`\n//     |\n//     expected due to this\n```\n\nThis error occurs when an expression was used in a place where the compiler\nexpected an expression of a different type. It can occur in several cases, the\nmost common being when calling a function and passing an argument which has a\ndifferent type than the matching type in the function declaration.\n"},"level":"error","spans":[{"file_name":"src\\main.rs","byte_start":947,"byte_end":962,"line_start":25,"line_end":25,"column_start":20,"column_end":35,"is_primary":true,"text":[{"text":"    else if s_n == \"Blanca Edemoh\"{","highlight_start":20,"highlight_end":35}],"label":"expected `(&str, &str, &str, &str, ...)`, found `&str`","suggested_replacement":null,"suggestion_applicability":null,"expansion":null}],"children":[{"message":" expected tuple `(&str, &str, &str, &str, &str)`\nfound reference `&'static str`","code":null,"level":"note","spans":[],"children":[],"rendered":null}],"rendered":"\u001b[0m\u001b[1m\u001b[38;5;9merror[E0308]\u001b[0m\u001b[0m\u001b[1m\u001b[38;5;15m: mismatched types\u001b[0m\n\u001b[0m  \u001b[0m\u001b[0m\u001b[1m\u001b[38;5;14m--> \u001b[0m\u001b[0msrc\\main.rs:25:20\u001b[0m\n\u001b[0m   \u001b[0m\u001b[0m\u001b[1m\u001b[38;5;14m|\u001b[0m\n\u001b[0m\u001b[1m\u001b[38;5;14m25\u001b[0m\u001b[0m \u001b[0m\u001b[0m\u001b[1m\u001b[38;5;14m|\u001b[0m\u001b[0m \u001b[0m\u001b[0m    else if s_n == \"Blanca Edemoh\"{\u001b[0m\n\u001b[0m   \u001b[0m\u001b[0m\u001b[1m\u001b[38;5;14m| \u001b[0m\u001b[0m                   \u001b[0m\u001b[0m\u001b[1m\u001b[38;5;9m^^^^^^^^^^^^^^^\u001b[0m\u001b[0m \u001b[0m\u001b[0m\u001b[1m\u001b[38;5;9mexpected `(&str, &str, &str, &str, ...)`, found `&str`\u001b[0m\n\u001b[0m   \u001b[0m\u001b[0m\u001b[1m\u001b[38;5;14m|\u001b[0m\n\u001b[0m   \u001b[0m\u001b[0m\u001b[1m\u001b[38;5;14m= \u001b[0m\u001b[0m\u001b[1m\u001b[38;5;15mnote\u001b[0m\u001b[0m:  expected tuple `\u001b[0m\u001b[0m\u001b[1m(&str, &str, &str, &str, &str)\u001b[0m\u001b[0m`\u001b[0m\n\u001b[0m           found reference `\u001b[0m\u001b[0m\u001b[1m&'static str\u001b[0m\u001b[0m`\u001b[0m\n\n"}
{"message":"cannot add `{integer}` to `(&str, &str, &str, &str, &str)`","code":{"code":"E0369","explanation":"A binary operation was attempted on a type which doesn't support it.\n\nErroneous code example:\n\n```compile_fail,E0369\nlet x = 12f32; // error: binary operation `<<` cannot be applied to\n               //        type `f32`\n\nx << 2;\n```\n\nTo fix this error, please check that this type implements this binary\noperation. Example:\n\n```\nlet x = 12u32; // the `u32` type does implement it:\n               // https://doc.rust-lang.org/stable/std/ops/trait.Shl.html\n\nx << 2; // ok!\n```\n\nIt is also possible to overload most operators for your own type by\nimplementing traits from `std::ops`.\n\nString concatenation appends the string on the right to the string on the\nleft and may require reallocation. This requires ownership of the string\non the left. If something should be added to a string literal, move the\nliteral to the heap by allocating it with `to_owned()` like in\n`\"Your text\".to_owned()`.\n"},"level":"error","spans":[{"file_name":"src\\main.rs","byte_start":1444,"byte_end":1447,"line_start":38,"line_end":38,"column_start":19,"column_end":22,"is_primary":false,"text":[{"text":"    for i in s_n..s_n+1{","highlight_start":19,"highlight_end":22}],"label":"(&str, &str, &str, &str, &str)","suggested_replacement":null,"suggestion_applicability":null,"expansion":null},{"file_name":"src\\main.rs","byte_start":1448,"byte_end":1449,"line_start":38,"line_end":38,"column_start":23,"column_end":24,"is_primary":false,"text":[{"text":"    for i in s_n..s_n+1{","highlight_start":23,"highlight_end":24}],"label":"{integer}","suggested_replacement":null,"suggestion_applicability":null,"expansion":null},{"file_name":"src\\main.rs","byte_start":1447,"byte_end":1448,"line_start":38,"line_end":38,"column_start":22,"column_end":23,"is_primary":true,"text":[{"text":"    for i in s_n..s_n+1{","highlight_start":22,"highlight_end":23}],"label":null,"suggested_replacement":null,"suggestion_applicability":null,"expansion":null}],"children":[],"rendered":"\u001b[0m\u001b[1m\u001b[38;5;9merror[E0369]\u001b[0m\u001b[0m\u001b[1m\u001b[38;5;15m: cannot add `{integer}` to `(&str, &str, &str, &str, &str)`\u001b[0m\n\u001b[0m  \u001b[0m\u001b[0m\u001b[1m\u001b[38;5;14m--> \u001b[0m\u001b[0msrc\\main.rs:38:22\u001b[0m\n\u001b[0m   \u001b[0m\u001b[0m\u001b[1m\u001b[38;5;14m|\u001b[0m\n\u001b[0m\u001b[1m\u001b[38;5;14m38\u001b[0m\u001b[0m \u001b[0m\u001b[0m\u001b[1m\u001b[38;5;14m|\u001b[0m\u001b[0m \u001b[0m\u001b[0m    for i in s_n..s_n+1{\u001b[0m\n\u001b[0m   \u001b[0m\u001b[0m\u001b[1m\u001b[38;5;14m| \u001b[0m\u001b[0m                  \u001b[0m\u001b[0m\u001b[1m\u001b[38;5;14m---\u001b[0m\u001b[0m\u001b[1m\u001b[38;5;9m^\u001b[0m\u001b[0m\u001b[1m\u001b[38;5;14m-\u001b[0m\u001b[0m \u001b[0m\u001b[0m\u001b[1m\u001b[38;5;14m{integer}\u001b[0m\n\u001b[0m   \u001b[0m\u001b[0m\u001b[1m\u001b[38;5;14m| \u001b[0m\u001b[0m                  \u001b[0m\u001b[0m\u001b[1m\u001b[38;5;14m|\u001b[0m\n\u001b[0m   \u001b[0m\u001b[0m\u001b[1m\u001b[38;5;14m| \u001b[0m\u001b[0m                  \u001b[0m\u001b[0m\u001b[1m\u001b[38;5;14m(&str, &str, &str, &str, &str)\u001b[0m\n\n"}
{"message":"the trait bound `(&str, &str, &str, &str, &str): Step` is not satisfied","code":{"code":"E0277","explanation":"You tried to use a type which doesn't implement some trait in a place which\nexpected that trait.\n\nErroneous code example:\n\n```compile_fail,E0277\n// here we declare the Foo trait with a bar method\ntrait Foo {\n    fn bar(&self);\n}\n\n// we now declare a function which takes an object implementing the Foo trait\nfn some_func<T: Foo>(foo: T) {\n    foo.bar();\n}\n\nfn main() {\n    // we now call the method with the i32 type, which doesn't implement\n    // the Foo trait\n    some_func(5i32); // error: the trait bound `i32 : Foo` is not satisfied\n}\n```\n\nIn order to fix this error, verify that the type you're using does implement\nthe trait. Example:\n\n```\ntrait Foo {\n    fn bar(&self);\n}\n\n// we implement the trait on the i32 type\nimpl Foo for i32 {\n    fn bar(&self) {}\n}\n\nfn some_func<T: Foo>(foo: T) {\n    foo.bar(); // we can now use this method since i32 implements the\n               // Foo trait\n}\n\nfn main() {\n    some_func(5i32); // ok!\n}\n```\n\nOr in a generic context, an erroneous code example would look like:\n\n```compile_fail,E0277\nfn some_func<T>(foo: T) {\n    println!(\"{:?}\", foo); // error: the trait `core::fmt::Debug` is not\n                           //        implemented for the type `T`\n}\n\nfn main() {\n    // We now call the method with the i32 type,\n    // which *does* implement the Debug trait.\n    some_func(5i32);\n}\n```\n\nNote that the error here is in the definition of the generic function. Although\nwe only call it with a parameter that does implement `Debug`, the compiler\nstill rejects the function. It must work with all possible input types. In\norder to make this example compile, we need to restrict the generic type we're\naccepting:\n\n```\nuse std::fmt;\n\n// Restrict the input type to types that implement Debug.\nfn some_func<T: fmt::Debug>(foo: T) {\n    println!(\"{:?}\", foo);\n}\n\nfn main() {\n    // Calling the method is still fine, as i32 implements Debug.\n    some_func(5i32);\n\n    // This would fail to compile now:\n    // struct WithoutDebug;\n    // some_func(WithoutDebug);\n}\n```\n\nRust only looks at the signature of the called function, as such it must\nalready specify all requirements that will be used for every type parameter.\n"},"level":"error","spans":[{"file_name":"src\\main.rs","byte_start":1439,"byte_end":1449,"line_start":38,"line_end":38,"column_start":14,"column_end":24,"is_primary":true,"text":[{"text":"    for i in s_n..s_n+1{","highlight_start":14,"highlight_end":24}],"label":"the trait `Step` is not implemented for `(&str, &str, &str, &str, &str)`","suggested_replacement":null,"suggestion_applicability":null,"expansion":{"span":{"file_name":"src\\main.rs","byte_start":1439,"byte_end":1449,"line_start":38,"line_end":38,"column_start":14,"column_end":24,"is_primary":false,"text":[{"text":"    for i in s_n..s_n+1{","highlight_start":14,"highlight_end":24}],"label":null,"suggested_replacement":null,"suggestion_applicability":null,"expansion":null},"macro_decl_name":"desugaring of `for` loop","def_site_span":{"file_name":"src\\main.rs","byte_start":0,"byte_end":0,"line_start":1,"line_end":1,"column_start":1,"column_end":1,"is_primary":false,"text":[],"label":null,"suggested_replacement":null,"suggestion_applicability":null,"expansion":null}}}],"children":[{"message":"the following other types implement trait `Step`:\n  char\n  isize\n  i8\n  i16\n  i32\n  i64\n  i128\n  usize\nand 8 others","code":null,"level":"help","spans":[],"children":[],"rendered":null},{"message":"required for `std::ops::Range<(&str, &str, &str, &str, &str)>` to implement `Iterator`","code":null,"level":"note","spans":[],"children":[],"rendered":null},{"message":"required for `std::ops::Range<(&str, &str, &str, &str, &str)>` to implement `IntoIterator`","code":null,"level":"note","spans":[],"children":[],"rendered":null}],"rendered":"\u001b[0m\u001b[1m\u001b[38;5;9merror[E0277]\u001b[0m\u001b[0m\u001b[1m\u001b[38;5;15m: the trait bound `(&str, &str, &str, &str, &str): Step` is not satisfied\u001b[0m\n\u001b[0m  \u001b[0m\u001b[0m\u001b[1m\u001b[38;5;14m--> \u001b[0m\u001b[0msrc\\main.rs:38:14\u001b[0m\n\u001b[0m   \u001b[0m\u001b[0m\u001b[1m\u001b[38;5;14m|\u001b[0m\n\u001b[0m\u001b[1m\u001b[38;5;14m38\u001b[0m\u001b[0m \u001b[0m\u001b[0m\u001b[1m\u001b[38;5;14m|\u001b[0m\u001b[0m \u001b[0m\u001b[0m    for i in s_n..s_n+1{\u001b[0m\n\u001b[0m   \u001b[0m\u001b[0m\u001b[1m\u001b[38;5;14m| \u001b[0m\u001b[0m             \u001b[0m\u001b[0m\u001b[1m\u001b[38;5;9m^^^^^^^^^^\u001b[0m\u001b[0m \u001b[0m\u001b[0m\u001b[1m\u001b[38;5;9mthe trait `Step` is not implemented for `(&str, &str, &str, &str, &str)`\u001b[0m\n\u001b[0m   \u001b[0m\u001b[0m\u001b[1m\u001b[38;5;14m|\u001b[0m\n\u001b[0m   \u001b[0m\u001b[0m\u001b[1m\u001b[38;5;14m= \u001b[0m\u001b[0m\u001b[1m\u001b[38;5;15mhelp\u001b[0m\u001b[0m: the following other types implement trait `Step`:\u001b[0m\n\u001b[0m             char\u001b[0m\n\u001b[0m             isize\u001b[0m\n\u001b[0m             i8\u001b[0m\n\u001b[0m             i16\u001b[0m\n\u001b[0m             i32\u001b[0m\n\u001b[0m             i64\u001b[0m\n\u001b[0m             i128\u001b[0m\n\u001b[0m             usize\u001b[0m\n\u001b[0m           and 8 others\u001b[0m\n\u001b[0m   \u001b[0m\u001b[0m\u001b[1m\u001b[38;5;14m= \u001b[0m\u001b[0m\u001b[1m\u001b[38;5;15mnote\u001b[0m\u001b[0m: required for `std::ops::Range<(&str, &str, &str, &str, &str)>` to implement `Iterator`\u001b[0m\n\u001b[0m   \u001b[0m\u001b[0m\u001b[1m\u001b[38;5;14m= \u001b[0m\u001b[0m\u001b[1m\u001b[38;5;15mnote\u001b[0m\u001b[0m: required for `std::ops::Range<(&str, &str, &str, &str, &str)>` to implement `IntoIterator`\u001b[0m\n\n"}
{"message":"no method named `as_bytes` found for tuple `(&str, &str, &str, &str, &str)` in the current scope","code":{"code":"E0599","explanation":"This error occurs when a method is used on a type which doesn't implement it:\n\nErroneous code example:\n\n```compile_fail,E0599\nstruct Mouth;\n\nlet x = Mouth;\nx.chocolate(); // error: no method named `chocolate` found for type `Mouth`\n               //        in the current scope\n```\n\nIn this case, you need to implement the `chocolate` method to fix the error:\n\n```\nstruct Mouth;\n\nimpl Mouth {\n    fn chocolate(&self) { // We implement the `chocolate` method here.\n        println!(\"Hmmm! I love chocolate!\");\n    }\n}\n\nlet x = Mouth;\nx.chocolate(); // ok!\n```\n"},"level":"error","spans":[{"file_name":"src\\main.rs","byte_start":1477,"byte_end":1485,"line_start":39,"line_end":39,"column_start":27,"column_end":35,"is_primary":true,"text":[{"text":"         file.write_all(i.as_bytes()).expect(\"write failed\");","highlight_start":27,"highlight_end":35}],"label":"method not found in `(&str, &str, &str, &str, &str)`","suggested_replacement":null,"suggestion_applicability":null,"expansion":null}],"children":[],"rendered":"\u001b[0m\u001b[1m\u001b[38;5;9merror[E0599]\u001b[0m\u001b[0m\u001b[1m\u001b[38;5;15m: no method named `as_bytes` found for tuple `(&str, &str, &str, &str, &str)` in the current scope\u001b[0m\n\u001b[0m  \u001b[0m\u001b[0m\u001b[1m\u001b[38;5;14m--> \u001b[0m\u001b[0msrc\\main.rs:39:27\u001b[0m\n\u001b[0m   \u001b[0m\u001b[0m\u001b[1m\u001b[38;5;14m|\u001b[0m\n\u001b[0m\u001b[1m\u001b[38;5;14m39\u001b[0m\u001b[0m \u001b[0m\u001b[0m\u001b[1m\u001b[38;5;14m|\u001b[0m\u001b[0m \u001b[0m\u001b[0m         file.write_all(i.as_bytes()).expect(\"write failed\");\u001b[0m\n\u001b[0m   \u001b[0m\u001b[0m\u001b[1m\u001b[38;5;14m| \u001b[0m\u001b[0m                          \u001b[0m\u001b[0m\u001b[1m\u001b[38;5;9m^^^^^^^^\u001b[0m\u001b[0m \u001b[0m\u001b[0m\u001b[1m\u001b[38;5;9mmethod not found in `(&str, &str, &str, &str, &str)`\u001b[0m\n\n"}
{"message":"cannot add `{integer}` to `(&str, &str, &str, &str, &str)`","code":{"code":"E0369","explanation":"A binary operation was attempted on a type which doesn't support it.\n\nErroneous code example:\n\n```compile_fail,E0369\nlet x = 12f32; // error: binary operation `<<` cannot be applied to\n               //        type `f32`\n\nx << 2;\n```\n\nTo fix this error, please check that this type implements this binary\noperation. Example:\n\n```\nlet x = 12u32; // the `u32` type does implement it:\n               // https://doc.rust-lang.org/stable/std/ops/trait.Shl.html\n\nx << 2; // ok!\n```\n\nIt is also possible to overload most operators for your own type by\nimplementing traits from `std::ops`.\n\nString concatenation appends the string on the right to the string on the\nleft and may require reallocation. This requires ownership of the string\non the left. If something should be added to a string literal, move the\nliteral to the heap by allocating it with `to_owned()` like in\n`\"Your text\".to_owned()`.\n"},"level":"error","spans":[{"file_name":"src\\main.rs","byte_start":1538,"byte_end":1541,"line_start":42,"line_end":42,"column_start":19,"column_end":22,"is_primary":false,"text":[{"text":"    for j in m_n..m_n+1{","highlight_start":19,"highlight_end":22}],"label":"(&str, &str, &str, &str, &str)","suggested_replacement":null,"suggestion_applicability":null,"expansion":null},{"file_name":"src\\main.rs","byte_start":1542,"byte_end":1543,"line_start":42,"line_end":42,"column_start":23,"column_end":24,"is_primary":false,"text":[{"text":"    for j in m_n..m_n+1{","highlight_start":23,"highlight_end":24}],"label":"{integer}","suggested_replacement":null,"suggestion_applicability":null,"expansion":null},{"file_name":"src\\main.rs","byte_start":1541,"byte_end":1542,"line_start":42,"line_end":42,"column_start":22,"column_end":23,"is_primary":true,"text":[{"text":"    for j in m_n..m_n+1{","highlight_start":22,"highlight_end":23}],"label":null,"suggested_replacement":null,"suggestion_applicability":null,"expansion":null}],"children":[],"rendered":"\u001b[0m\u001b[1m\u001b[38;5;9merror[E0369]\u001b[0m\u001b[0m\u001b[1m\u001b[38;5;15m: cannot add `{integer}` to `(&str, &str, &str, &str, &str)`\u001b[0m\n\u001b[0m  \u001b[0m\u001b[0m\u001b[1m\u001b[38;5;14m--> \u001b[0m\u001b[0msrc\\main.rs:42:22\u001b[0m\n\u001b[0m   \u001b[0m\u001b[0m\u001b[1m\u001b[38;5;14m|\u001b[0m\n\u001b[0m\u001b[1m\u001b[38;5;14m42\u001b[0m\u001b[0m \u001b[0m\u001b[0m\u001b[1m\u001b[38;5;14m|\u001b[0m\u001b[0m \u001b[0m\u001b[0m    for j in m_n..m_n+1{\u001b[0m\n\u001b[0m   \u001b[0m\u001b[0m\u001b[1m\u001b[38;5;14m| \u001b[0m\u001b[0m                  \u001b[0m\u001b[0m\u001b[1m\u001b[38;5;14m---\u001b[0m\u001b[0m\u001b[1m\u001b[38;5;9m^\u001b[0m\u001b[0m\u001b[1m\u001b[38;5;14m-\u001b[0m\u001b[0m \u001b[0m\u001b[0m\u001b[1m\u001b[38;5;14m{integer}\u001b[0m\n\u001b[0m   \u001b[0m\u001b[0m\u001b[1m\u001b[38;5;14m| \u001b[0m\u001b[0m                  \u001b[0m\u001b[0m\u001b[1m\u001b[38;5;14m|\u001b[0m\n\u001b[0m   \u001b[0m\u001b[0m\u001b[1m\u001b[38;5;14m| \u001b[0m\u001b[0m                  \u001b[0m\u001b[0m\u001b[1m\u001b[38;5;14m(&str, &str, &str, &str, &str)\u001b[0m\n\n"}
{"message":"the trait bound `(&str, &str, &str, &str, &str): Step` is not satisfied","code":{"code":"E0277","explanation":"You tried to use a type which doesn't implement some trait in a place which\nexpected that trait.\n\nErroneous code example:\n\n```compile_fail,E0277\n// here we declare the Foo trait with a bar method\ntrait Foo {\n    fn bar(&self);\n}\n\n// we now declare a function which takes an object implementing the Foo trait\nfn some_func<T: Foo>(foo: T) {\n    foo.bar();\n}\n\nfn main() {\n    // we now call the method with the i32 type, which doesn't implement\n    // the Foo trait\n    some_func(5i32); // error: the trait bound `i32 : Foo` is not satisfied\n}\n```\n\nIn order to fix this error, verify that the type you're using does implement\nthe trait. Example:\n\n```\ntrait Foo {\n    fn bar(&self);\n}\n\n// we implement the trait on the i32 type\nimpl Foo for i32 {\n    fn bar(&self) {}\n}\n\nfn some_func<T: Foo>(foo: T) {\n    foo.bar(); // we can now use this method since i32 implements the\n               // Foo trait\n}\n\nfn main() {\n    some_func(5i32); // ok!\n}\n```\n\nOr in a generic context, an erroneous code example would look like:\n\n```compile_fail,E0277\nfn some_func<T>(foo: T) {\n    println!(\"{:?}\", foo); // error: the trait `core::fmt::Debug` is not\n                           //        implemented for the type `T`\n}\n\nfn main() {\n    // We now call the method with the i32 type,\n    // which *does* implement the Debug trait.\n    some_func(5i32);\n}\n```\n\nNote that the error here is in the definition of the generic function. Although\nwe only call it with a parameter that does implement `Debug`, the compiler\nstill rejects the function. It must work with all possible input types. In\norder to make this example compile, we need to restrict the generic type we're\naccepting:\n\n```\nuse std::fmt;\n\n// Restrict the input type to types that implement Debug.\nfn some_func<T: fmt::Debug>(foo: T) {\n    println!(\"{:?}\", foo);\n}\n\nfn main() {\n    // Calling the method is still fine, as i32 implements Debug.\n    some_func(5i32);\n\n    // This would fail to compile now:\n    // struct WithoutDebug;\n    // some_func(WithoutDebug);\n}\n```\n\nRust only looks at the signature of the called function, as such it must\nalready specify all requirements that will be used for every type parameter.\n"},"level":"error","spans":[{"file_name":"src\\main.rs","byte_start":1533,"byte_end":1543,"line_start":42,"line_end":42,"column_start":14,"column_end":24,"is_primary":true,"text":[{"text":"    for j in m_n..m_n+1{","highlight_start":14,"highlight_end":24}],"label":"the trait `Step` is not implemented for `(&str, &str, &str, &str, &str)`","suggested_replacement":null,"suggestion_applicability":null,"expansion":{"span":{"file_name":"src\\main.rs","byte_start":1533,"byte_end":1543,"line_start":42,"line_end":42,"column_start":14,"column_end":24,"is_primary":false,"text":[{"text":"    for j in m_n..m_n+1{","highlight_start":14,"highlight_end":24}],"label":null,"suggested_replacement":null,"suggestion_applicability":null,"expansion":null},"macro_decl_name":"desugaring of `for` loop","def_site_span":{"file_name":"src\\main.rs","byte_start":0,"byte_end":0,"line_start":1,"line_end":1,"column_start":1,"column_end":1,"is_primary":false,"text":[],"label":null,"suggested_replacement":null,"suggestion_applicability":null,"expansion":null}}}],"children":[{"message":"the following other types implement trait `Step`:\n  char\n  isize\n  i8\n  i16\n  i32\n  i64\n  i128\n  usize\nand 8 others","code":null,"level":"help","spans":[],"children":[],"rendered":null},{"message":"required for `std::ops::Range<(&str, &str, &str, &str, &str)>` to implement `Iterator`","code":null,"level":"note","spans":[],"children":[],"rendered":null},{"message":"required for `std::ops::Range<(&str, &str, &str, &str, &str)>` to implement `IntoIterator`","code":null,"level":"note","spans":[],"children":[],"rendered":null}],"rendered":"\u001b[0m\u001b[1m\u001b[38;5;9merror[E0277]\u001b[0m\u001b[0m\u001b[1m\u001b[38;5;15m: the trait bound `(&str, &str, &str, &str, &str): Step` is not satisfied\u001b[0m\n\u001b[0m  \u001b[0m\u001b[0m\u001b[1m\u001b[38;5;14m--> \u001b[0m\u001b[0msrc\\main.rs:42:14\u001b[0m\n\u001b[0m   \u001b[0m\u001b[0m\u001b[1m\u001b[38;5;14m|\u001b[0m\n\u001b[0m\u001b[1m\u001b[38;5;14m42\u001b[0m\u001b[0m \u001b[0m\u001b[0m\u001b[1m\u001b[38;5;14m|\u001b[0m\u001b[0m \u001b[0m\u001b[0m    for j in m_n..m_n+1{\u001b[0m\n\u001b[0m   \u001b[0m\u001b[0m\u001b[1m\u001b[38;5;14m| \u001b[0m\u001b[0m             \u001b[0m\u001b[0m\u001b[1m\u001b[38;5;9m^^^^^^^^^^\u001b[0m\u001b[0m \u001b[0m\u001b[0m\u001b[1m\u001b[38;5;9mthe trait `Step` is not implemented for `(&str, &str, &str, &str, &str)`\u001b[0m\n\u001b[0m   \u001b[0m\u001b[0m\u001b[1m\u001b[38;5;14m|\u001b[0m\n\u001b[0m   \u001b[0m\u001b[0m\u001b[1m\u001b[38;5;14m= \u001b[0m\u001b[0m\u001b[1m\u001b[38;5;15mhelp\u001b[0m\u001b[0m: the following other types implement trait `Step`:\u001b[0m\n\u001b[0m             char\u001b[0m\n\u001b[0m             isize\u001b[0m\n\u001b[0m             i8\u001b[0m\n\u001b[0m             i16\u001b[0m\n\u001b[0m             i32\u001b[0m\n\u001b[0m             i64\u001b[0m\n\u001b[0m             i128\u001b[0m\n\u001b[0m             usize\u001b[0m\n\u001b[0m           and 8 others\u001b[0m\n\u001b[0m   \u001b[0m\u001b[0m\u001b[1m\u001b[38;5;14m= \u001b[0m\u001b[0m\u001b[1m\u001b[38;5;15mnote\u001b[0m\u001b[0m: required for `std::ops::Range<(&str, &str, &str, &str, &str)>` to implement `Iterator`\u001b[0m\n\u001b[0m   \u001b[0m\u001b[0m\u001b[1m\u001b[38;5;14m= \u001b[0m\u001b[0m\u001b[1m\u001b[38;5;15mnote\u001b[0m\u001b[0m: required for `std::ops::Range<(&str, &str, &str, &str, &str)>` to implement `IntoIterator`\u001b[0m\n\n"}
{"message":"no method named `as_bytes` found for tuple `(&str, &str, &str, &str, &str)` in the current scope","code":{"code":"E0599","explanation":"This error occurs when a method is used on a type which doesn't implement it:\n\nErroneous code example:\n\n```compile_fail,E0599\nstruct Mouth;\n\nlet x = Mouth;\nx.chocolate(); // error: no method named `chocolate` found for type `Mouth`\n               //        in the current scope\n```\n\nIn this case, you need to implement the `chocolate` method to fix the error:\n\n```\nstruct Mouth;\n\nimpl Mouth {\n    fn chocolate(&self) { // We implement the `chocolate` method here.\n        println!(\"Hmmm! I love chocolate!\");\n    }\n}\n\nlet x = Mouth;\nx.chocolate(); // ok!\n```\n"},"level":"error","spans":[{"file_name":"src\\main.rs","byte_start":1570,"byte_end":1578,"line_start":43,"line_end":43,"column_start":26,"column_end":34,"is_primary":true,"text":[{"text":"        file.write_all(j.as_bytes()).expect(\"write failed\");","highlight_start":26,"highlight_end":34}],"label":"method not found in `(&str, &str, &str, &str, &str)`","suggested_replacement":null,"suggestion_applicability":null,"expansion":null}],"children":[],"rendered":"\u001b[0m\u001b[1m\u001b[38;5;9merror[E0599]\u001b[0m\u001b[0m\u001b[1m\u001b[38;5;15m: no method named `as_bytes` found for tuple `(&str, &str, &str, &str, &str)` in the current scope\u001b[0m\n\u001b[0m  \u001b[0m\u001b[0m\u001b[1m\u001b[38;5;14m--> \u001b[0m\u001b[0msrc\\main.rs:43:26\u001b[0m\n\u001b[0m   \u001b[0m\u001b[0m\u001b[1m\u001b[38;5;14m|\u001b[0m\n\u001b[0m\u001b[1m\u001b[38;5;14m43\u001b[0m\u001b[0m \u001b[0m\u001b[0m\u001b[1m\u001b[38;5;14m|\u001b[0m\u001b[0m \u001b[0m\u001b[0m        file.write_all(j.as_bytes()).expect(\"write failed\");\u001b[0m\n\u001b[0m   \u001b[0m\u001b[0m\u001b[1m\u001b[38;5;14m| \u001b[0m\u001b[0m                         \u001b[0m\u001b[0m\u001b[1m\u001b[38;5;9m^^^^^^^^\u001b[0m\u001b[0m \u001b[0m\u001b[0m\u001b[1m\u001b[38;5;9mmethod not found in `(&str, &str, &str, &str, &str)`\u001b[0m\n\n"}
{"message":"cannot add `{integer}` to `(&str, &str, &str, &str, &str)`","code":{"code":"E0369","explanation":"A binary operation was attempted on a type which doesn't support it.\n\nErroneous code example:\n\n```compile_fail,E0369\nlet x = 12f32; // error: binary operation `<<` cannot be applied to\n               //        type `f32`\n\nx << 2;\n```\n\nTo fix this error, please check that this type implements this binary\noperation. Example:\n\n```\nlet x = 12u32; // the `u32` type does implement it:\n               // https://doc.rust-lang.org/stable/std/ops/trait.Shl.html\n\nx << 2; // ok!\n```\n\nIt is also possible to overload most operators for your own type by\nimplementing traits from `std::ops`.\n\nString concatenation appends the string on the right to the string on the\nleft and may require reallocation. This requires ownership of the string\non the left. If something should be added to a string literal, move the\nliteral to the heap by allocating it with `to_owned()` like in\n`\"Your text\".to_owned()`.\n"},"level":"error","spans":[{"file_name":"src\\main.rs","byte_start":1629,"byte_end":1630,"line_start":46,"line_end":46,"column_start":17,"column_end":18,"is_primary":false,"text":[{"text":"    for k in d..d+1{","highlight_start":17,"highlight_end":18}],"label":"(&str, &str, &str, &str, &str)","suggested_replacement":null,"suggestion_applicability":null,"expansion":null},{"file_name":"src\\main.rs","byte_start":1631,"byte_end":1632,"line_start":46,"line_end":46,"column_start":19,"column_end":20,"is_primary":false,"text":[{"text":"    for k in d..d+1{","highlight_start":19,"highlight_end":20}],"label":"{integer}","suggested_replacement":null,"suggestion_applicability":null,"expansion":null},{"file_name":"src\\main.rs","byte_start":1630,"byte_end":1631,"line_start":46,"line_end":46,"column_start":18,"column_end":19,"is_primary":true,"text":[{"text":"    for k in d..d+1{","highlight_start":18,"highlight_end":19}],"label":null,"suggested_replacement":null,"suggestion_applicability":null,"expansion":null}],"children":[],"rendered":"\u001b[0m\u001b[1m\u001b[38;5;9merror[E0369]\u001b[0m\u001b[0m\u001b[1m\u001b[38;5;15m: cannot add `{integer}` to `(&str, &str, &str, &str, &str)`\u001b[0m\n\u001b[0m  \u001b[0m\u001b[0m\u001b[1m\u001b[38;5;14m--> \u001b[0m\u001b[0msrc\\main.rs:46:18\u001b[0m\n\u001b[0m   \u001b[0m\u001b[0m\u001b[1m\u001b[38;5;14m|\u001b[0m\n\u001b[0m\u001b[1m\u001b[38;5;14m46\u001b[0m\u001b[0m \u001b[0m\u001b[0m\u001b[1m\u001b[38;5;14m|\u001b[0m\u001b[0m \u001b[0m\u001b[0m    for k in d..d+1{\u001b[0m\n\u001b[0m   \u001b[0m\u001b[0m\u001b[1m\u001b[38;5;14m| \u001b[0m\u001b[0m                \u001b[0m\u001b[0m\u001b[1m\u001b[38;5;14m-\u001b[0m\u001b[0m\u001b[1m\u001b[38;5;9m^\u001b[0m\u001b[0m\u001b[1m\u001b[38;5;14m-\u001b[0m\u001b[0m \u001b[0m\u001b[0m\u001b[1m\u001b[38;5;14m{integer}\u001b[0m\n\u001b[0m   \u001b[0m\u001b[0m\u001b[1m\u001b[38;5;14m| \u001b[0m\u001b[0m                \u001b[0m\u001b[0m\u001b[1m\u001b[38;5;14m|\u001b[0m\n\u001b[0m   \u001b[0m\u001b[0m\u001b[1m\u001b[38;5;14m| \u001b[0m\u001b[0m                \u001b[0m\u001b[0m\u001b[1m\u001b[38;5;14m(&str, &str, &str, &str, &str)\u001b[0m\n\n"}
{"message":"the trait bound `(&str, &str, &str, &str, &str): Step` is not satisfied","code":{"code":"E0277","explanation":"You tried to use a type which doesn't implement some trait in a place which\nexpected that trait.\n\nErroneous code example:\n\n```compile_fail,E0277\n// here we declare the Foo trait with a bar method\ntrait Foo {\n    fn bar(&self);\n}\n\n// we now declare a function which takes an object implementing the Foo trait\nfn some_func<T: Foo>(foo: T) {\n    foo.bar();\n}\n\nfn main() {\n    // we now call the method with the i32 type, which doesn't implement\n    // the Foo trait\n    some_func(5i32); // error: the trait bound `i32 : Foo` is not satisfied\n}\n```\n\nIn order to fix this error, verify that the type you're using does implement\nthe trait. Example:\n\n```\ntrait Foo {\n    fn bar(&self);\n}\n\n// we implement the trait on the i32 type\nimpl Foo for i32 {\n    fn bar(&self) {}\n}\n\nfn some_func<T: Foo>(foo: T) {\n    foo.bar(); // we can now use this method since i32 implements the\n               // Foo trait\n}\n\nfn main() {\n    some_func(5i32); // ok!\n}\n```\n\nOr in a generic context, an erroneous code example would look like:\n\n```compile_fail,E0277\nfn some_func<T>(foo: T) {\n    println!(\"{:?}\", foo); // error: the trait `core::fmt::Debug` is not\n                           //        implemented for the type `T`\n}\n\nfn main() {\n    // We now call the method with the i32 type,\n    // which *does* implement the Debug trait.\n    some_func(5i32);\n}\n```\n\nNote that the error here is in the definition of the generic function. Although\nwe only call it with a parameter that does implement `Debug`, the compiler\nstill rejects the function. It must work with all possible input types. In\norder to make this example compile, we need to restrict the generic type we're\naccepting:\n\n```\nuse std::fmt;\n\n// Restrict the input type to types that implement Debug.\nfn some_func<T: fmt::Debug>(foo: T) {\n    println!(\"{:?}\", foo);\n}\n\nfn main() {\n    // Calling the method is still fine, as i32 implements Debug.\n    some_func(5i32);\n\n    // This would fail to compile now:\n    // struct WithoutDebug;\n    // some_func(WithoutDebug);\n}\n```\n\nRust only looks at the signature of the called function, as such it must\nalready specify all requirements that will be used for every type parameter.\n"},"level":"error","spans":[{"file_name":"src\\main.rs","byte_start":1626,"byte_end":1632,"line_start":46,"line_end":46,"column_start":14,"column_end":20,"is_primary":true,"text":[{"text":"    for k in d..d+1{","highlight_start":14,"highlight_end":20}],"label":"the trait `Step` is not implemented for `(&str, &str, &str, &str, &str)`","suggested_replacement":null,"suggestion_applicability":null,"expansion":{"span":{"file_name":"src\\main.rs","byte_start":1626,"byte_end":1632,"line_start":46,"line_end":46,"column_start":14,"column_end":20,"is_primary":false,"text":[{"text":"    for k in d..d+1{","highlight_start":14,"highlight_end":20}],"label":null,"suggested_replacement":null,"suggestion_applicability":null,"expansion":null},"macro_decl_name":"desugaring of `for` loop","def_site_span":{"file_name":"src\\main.rs","byte_start":0,"byte_end":0,"line_start":1,"line_end":1,"column_start":1,"column_end":1,"is_primary":false,"text":[],"label":null,"suggested_replacement":null,"suggestion_applicability":null,"expansion":null}}}],"children":[{"message":"the following other types implement trait `Step`:\n  char\n  isize\n  i8\n  i16\n  i32\n  i64\n  i128\n  usize\nand 8 others","code":null,"level":"help","spans":[],"children":[],"rendered":null},{"message":"required for `std::ops::Range<(&str, &str, &str, &str, &str)>` to implement `Iterator`","code":null,"level":"note","spans":[],"children":[],"rendered":null},{"message":"required for `std::ops::Range<(&str, &str, &str, &str, &str)>` to implement `IntoIterator`","code":null,"level":"note","spans":[],"children":[],"rendered":null}],"rendered":"\u001b[0m\u001b[1m\u001b[38;5;9merror[E0277]\u001b[0m\u001b[0m\u001b[1m\u001b[38;5;15m: the trait bound `(&str, &str, &str, &str, &str): Step` is not satisfied\u001b[0m\n\u001b[0m  \u001b[0m\u001b[0m\u001b[1m\u001b[38;5;14m--> \u001b[0m\u001b[0msrc\\main.rs:46:14\u001b[0m\n\u001b[0m   \u001b[0m\u001b[0m\u001b[1m\u001b[38;5;14m|\u001b[0m\n\u001b[0m\u001b[1m\u001b[38;5;14m46\u001b[0m\u001b[0m \u001b[0m\u001b[0m\u001b[1m\u001b[38;5;14m|\u001b[0m\u001b[0m \u001b[0m\u001b[0m    for k in d..d+1{\u001b[0m\n\u001b[0m   \u001b[0m\u001b[0m\u001b[1m\u001b[38;5;14m| \u001b[0m\u001b[0m             \u001b[0m\u001b[0m\u001b[1m\u001b[38;5;9m^^^^^^\u001b[0m\u001b[0m \u001b[0m\u001b[0m\u001b[1m\u001b[38;5;9mthe trait `Step` is not implemented for `(&str, &str, &str, &str, &str)`\u001b[0m\n\u001b[0m   \u001b[0m\u001b[0m\u001b[1m\u001b[38;5;14m|\u001b[0m\n\u001b[0m   \u001b[0m\u001b[0m\u001b[1m\u001b[38;5;14m= \u001b[0m\u001b[0m\u001b[1m\u001b[38;5;15mhelp\u001b[0m\u001b[0m: the following other types implement trait `Step`:\u001b[0m\n\u001b[0m             char\u001b[0m\n\u001b[0m             isize\u001b[0m\n\u001b[0m             i8\u001b[0m\n\u001b[0m             i16\u001b[0m\n\u001b[0m             i32\u001b[0m\n\u001b[0m             i64\u001b[0m\n\u001b[0m             i128\u001b[0m\n\u001b[0m             usize\u001b[0m\n\u001b[0m           and 8 others\u001b[0m\n\u001b[0m   \u001b[0m\u001b[0m\u001b[1m\u001b[38;5;14m= \u001b[0m\u001b[0m\u001b[1m\u001b[38;5;15mnote\u001b[0m\u001b[0m: required for `std::ops::Range<(&str, &str, &str, &str, &str)>` to implement `Iterator`\u001b[0m\n\u001b[0m   \u001b[0m\u001b[0m\u001b[1m\u001b[38;5;14m= \u001b[0m\u001b[0m\u001b[1m\u001b[38;5;15mnote\u001b[0m\u001b[0m: required for `std::ops::Range<(&str, &str, &str, &str, &str)>` to implement `IntoIterator`\u001b[0m\n\n"}
{"message":"no method named `as_bytes` found for tuple `(&str, &str, &str, &str, &str)` in the current scope","code":{"code":"E0599","explanation":"This error occurs when a method is used on a type which doesn't implement it:\n\nErroneous code example:\n\n```compile_fail,E0599\nstruct Mouth;\n\nlet x = Mouth;\nx.chocolate(); // error: no method named `chocolate` found for type `Mouth`\n               //        in the current scope\n```\n\nIn this case, you need to implement the `chocolate` method to fix the error:\n\n```\nstruct Mouth;\n\nimpl Mouth {\n    fn chocolate(&self) { // We implement the `chocolate` method here.\n        println!(\"Hmmm! I love chocolate!\");\n    }\n}\n\nlet x = Mouth;\nx.chocolate(); // ok!\n```\n"},"level":"error","spans":[{"file_name":"src\\main.rs","byte_start":1659,"byte_end":1667,"line_start":47,"line_end":47,"column_start":26,"column_end":34,"is_primary":true,"text":[{"text":"        file.write_all(k.as_bytes()).expect(\"write failed\");","highlight_start":26,"highlight_end":34}],"label":"method not found in `(&str, &str, &str, &str, &str)`","suggested_replacement":null,"suggestion_applicability":null,"expansion":null}],"children":[],"rendered":"\u001b[0m\u001b[1m\u001b[38;5;9merror[E0599]\u001b[0m\u001b[0m\u001b[1m\u001b[38;5;15m: no method named `as_bytes` found for tuple `(&str, &str, &str, &str, &str)` in the current scope\u001b[0m\n\u001b[0m  \u001b[0m\u001b[0m\u001b[1m\u001b[38;5;14m--> \u001b[0m\u001b[0msrc\\main.rs:47:26\u001b[0m\n\u001b[0m   \u001b[0m\u001b[0m\u001b[1m\u001b[38;5;14m|\u001b[0m\n\u001b[0m\u001b[1m\u001b[38;5;14m47\u001b[0m\u001b[0m \u001b[0m\u001b[0m\u001b[1m\u001b[38;5;14m|\u001b[0m\u001b[0m \u001b[0m\u001b[0m        file.write_all(k.as_bytes()).expect(\"write failed\");\u001b[0m\n\u001b[0m   \u001b[0m\u001b[0m\u001b[1m\u001b[38;5;14m| \u001b[0m\u001b[0m                         \u001b[0m\u001b[0m\u001b[1m\u001b[38;5;9m^^^^^^^^\u001b[0m\u001b[0m \u001b[0m\u001b[0m\u001b[1m\u001b[38;5;9mmethod not found in `(&str, &str, &str, &str, &str)`\u001b[0m\n\n"}
{"message":"cannot add `{integer}` to `(&str, &str, &str, &str, &str)`","code":{"code":"E0369","explanation":"A binary operation was attempted on a type which doesn't support it.\n\nErroneous code example:\n\n```compile_fail,E0369\nlet x = 12f32; // error: binary operation `<<` cannot be applied to\n               //        type `f32`\n\nx << 2;\n```\n\nTo fix this error, please check that this type implements this binary\noperation. Example:\n\n```\nlet x = 12u32; // the `u32` type does implement it:\n               // https://doc.rust-lang.org/stable/std/ops/trait.Shl.html\n\nx << 2; // ok!\n```\n\nIt is also possible to overload most operators for your own type by\nimplementing traits from `std::ops`.\n\nString concatenation appends the string on the right to the string on the\nleft and may require reallocation. This requires ownership of the string\non the left. If something should be added to a string literal, move the\nliteral to the heap by allocating it with `to_owned()` like in\n`\"Your text\".to_owned()`.\n"},"level":"error","spans":[{"file_name":"src\\main.rs","byte_start":1722,"byte_end":1727,"line_start":50,"line_end":50,"column_start":21,"column_end":26,"is_primary":false,"text":[{"text":"    for g in level..level+1{","highlight_start":21,"highlight_end":26}],"label":"(&str, &str, &str, &str, &str)","suggested_replacement":null,"suggestion_applicability":null,"expansion":null},{"file_name":"src\\main.rs","byte_start":1728,"byte_end":1729,"line_start":50,"line_end":50,"column_start":27,"column_end":28,"is_primary":false,"text":[{"text":"    for g in level..level+1{","highlight_start":27,"highlight_end":28}],"label":"{integer}","suggested_replacement":null,"suggestion_applicability":null,"expansion":null},{"file_name":"src\\main.rs","byte_start":1727,"byte_end":1728,"line_start":50,"line_end":50,"column_start":26,"column_end":27,"is_primary":true,"text":[{"text":"    for g in level..level+1{","highlight_start":26,"highlight_end":27}],"label":null,"suggested_replacement":null,"suggestion_applicability":null,"expansion":null}],"children":[],"rendered":"\u001b[0m\u001b[1m\u001b[38;5;9merror[E0369]\u001b[0m\u001b[0m\u001b[1m\u001b[38;5;15m: cannot add `{integer}` to `(&str, &str, &str, &str, &str)`\u001b[0m\n\u001b[0m  \u001b[0m\u001b[0m\u001b[1m\u001b[38;5;14m--> \u001b[0m\u001b[0msrc\\main.rs:50:26\u001b[0m\n\u001b[0m   \u001b[0m\u001b[0m\u001b[1m\u001b[38;5;14m|\u001b[0m\n\u001b[0m\u001b[1m\u001b[38;5;14m50\u001b[0m\u001b[0m \u001b[0m\u001b[0m\u001b[1m\u001b[38;5;14m|\u001b[0m\u001b[0m \u001b[0m\u001b[0m    for g in level..level+1{\u001b[0m\n\u001b[0m   \u001b[0m\u001b[0m\u001b[1m\u001b[38;5;14m| \u001b[0m\u001b[0m                    \u001b[0m\u001b[0m\u001b[1m\u001b[38;5;14m-----\u001b[0m\u001b[0m\u001b[1m\u001b[38;5;9m^\u001b[0m\u001b[0m\u001b[1m\u001b[38;5;14m-\u001b[0m\u001b[0m \u001b[0m\u001b[0m\u001b[1m\u001b[38;5;14m{integer}\u001b[0m\n\u001b[0m   \u001b[0m\u001b[0m\u001b[1m\u001b[38;5;14m| \u001b[0m\u001b[0m                    \u001b[0m\u001b[0m\u001b[1m\u001b[38;5;14m|\u001b[0m\n\u001b[0m   \u001b[0m\u001b[0m\u001b[1m\u001b[38;5;14m| \u001b[0m\u001b[0m                    \u001b[0m\u001b[0m\u001b[1m\u001b[38;5;14m(&str, &str, &str, &str, &str)\u001b[0m\n\n"}
{"message":"the trait bound `(&str, &str, &str, &str, &str): Step` is not satisfied","code":{"code":"E0277","explanation":"You tried to use a type which doesn't implement some trait in a place which\nexpected that trait.\n\nErroneous code example:\n\n```compile_fail,E0277\n// here we declare the Foo trait with a bar method\ntrait Foo {\n    fn bar(&self);\n}\n\n// we now declare a function which takes an object implementing the Foo trait\nfn some_func<T: Foo>(foo: T) {\n    foo.bar();\n}\n\nfn main() {\n    // we now call the method with the i32 type, which doesn't implement\n    // the Foo trait\n    some_func(5i32); // error: the trait bound `i32 : Foo` is not satisfied\n}\n```\n\nIn order to fix this error, verify that the type you're using does implement\nthe trait. Example:\n\n```\ntrait Foo {\n    fn bar(&self);\n}\n\n// we implement the trait on the i32 type\nimpl Foo for i32 {\n    fn bar(&self) {}\n}\n\nfn some_func<T: Foo>(foo: T) {\n    foo.bar(); // we can now use this method since i32 implements the\n               // Foo trait\n}\n\nfn main() {\n    some_func(5i32); // ok!\n}\n```\n\nOr in a generic context, an erroneous code example would look like:\n\n```compile_fail,E0277\nfn some_func<T>(foo: T) {\n    println!(\"{:?}\", foo); // error: the trait `core::fmt::Debug` is not\n                           //        implemented for the type `T`\n}\n\nfn main() {\n    // We now call the method with the i32 type,\n    // which *does* implement the Debug trait.\n    some_func(5i32);\n}\n```\n\nNote that the error here is in the definition of the generic function. Although\nwe only call it with a parameter that does implement `Debug`, the compiler\nstill rejects the function. It must work with all possible input types. In\norder to make this example compile, we need to restrict the generic type we're\naccepting:\n\n```\nuse std::fmt;\n\n// Restrict the input type to types that implement Debug.\nfn some_func<T: fmt::Debug>(foo: T) {\n    println!(\"{:?}\", foo);\n}\n\nfn main() {\n    // Calling the method is still fine, as i32 implements Debug.\n    some_func(5i32);\n\n    // This would fail to compile now:\n    // struct WithoutDebug;\n    // some_func(WithoutDebug);\n}\n```\n\nRust only looks at the signature of the called function, as such it must\nalready specify all requirements that will be used for every type parameter.\n"},"level":"error","spans":[{"file_name":"src\\main.rs","byte_start":1715,"byte_end":1729,"line_start":50,"line_end":50,"column_start":14,"column_end":28,"is_primary":true,"text":[{"text":"    for g in level..level+1{","highlight_start":14,"highlight_end":28}],"label":"the trait `Step` is not implemented for `(&str, &str, &str, &str, &str)`","suggested_replacement":null,"suggestion_applicability":null,"expansion":{"span":{"file_name":"src\\main.rs","byte_start":1715,"byte_end":1729,"line_start":50,"line_end":50,"column_start":14,"column_end":28,"is_primary":false,"text":[{"text":"    for g in level..level+1{","highlight_start":14,"highlight_end":28}],"label":null,"suggested_replacement":null,"suggestion_applicability":null,"expansion":null},"macro_decl_name":"desugaring of `for` loop","def_site_span":{"file_name":"src\\main.rs","byte_start":0,"byte_end":0,"line_start":1,"line_end":1,"column_start":1,"column_end":1,"is_primary":false,"text":[],"label":null,"suggested_replacement":null,"suggestion_applicability":null,"expansion":null}}}],"children":[{"message":"the following other types implement trait `Step`:\n  char\n  isize\n  i8\n  i16\n  i32\n  i64\n  i128\n  usize\nand 8 others","code":null,"level":"help","spans":[],"children":[],"rendered":null},{"message":"required for `std::ops::Range<(&str, &str, &str, &str, &str)>` to implement `Iterator`","code":null,"level":"note","spans":[],"children":[],"rendered":null},{"message":"required for `std::ops::Range<(&str, &str, &str, &str, &str)>` to implement `IntoIterator`","code":null,"level":"note","spans":[],"children":[],"rendered":null}],"rendered":"\u001b[0m\u001b[1m\u001b[38;5;9merror[E0277]\u001b[0m\u001b[0m\u001b[1m\u001b[38;5;15m: the trait bound `(&str, &str, &str, &str, &str): Step` is not satisfied\u001b[0m\n\u001b[0m  \u001b[0m\u001b[0m\u001b[1m\u001b[38;5;14m--> \u001b[0m\u001b[0msrc\\main.rs:50:14\u001b[0m\n\u001b[0m   \u001b[0m\u001b[0m\u001b[1m\u001b[38;5;14m|\u001b[0m\n\u001b[0m\u001b[1m\u001b[38;5;14m50\u001b[0m\u001b[0m \u001b[0m\u001b[0m\u001b[1m\u001b[38;5;14m|\u001b[0m\u001b[0m \u001b[0m\u001b[0m    for g in level..level+1{\u001b[0m\n\u001b[0m   \u001b[0m\u001b[0m\u001b[1m\u001b[38;5;14m| \u001b[0m\u001b[0m             \u001b[0m\u001b[0m\u001b[1m\u001b[38;5;9m^^^^^^^^^^^^^^\u001b[0m\u001b[0m \u001b[0m\u001b[0m\u001b[1m\u001b[38;5;9mthe trait `Step` is not implemented for `(&str, &str, &str, &str, &str)`\u001b[0m\n\u001b[0m   \u001b[0m\u001b[0m\u001b[1m\u001b[38;5;14m|\u001b[0m\n\u001b[0m   \u001b[0m\u001b[0m\u001b[1m\u001b[38;5;14m= \u001b[0m\u001b[0m\u001b[1m\u001b[38;5;15mhelp\u001b[0m\u001b[0m: the following other types implement trait `Step`:\u001b[0m\n\u001b[0m             char\u001b[0m\n\u001b[0m             isize\u001b[0m\n\u001b[0m             i8\u001b[0m\n\u001b[0m             i16\u001b[0m\n\u001b[0m             i32\u001b[0m\n\u001b[0m             i64\u001b[0m\n\u001b[0m             i128\u001b[0m\n\u001b[0m             usize\u001b[0m\n\u001b[0m           and 8 others\u001b[0m\n\u001b[0m   \u001b[0m\u001b[0m\u001b[1m\u001b[38;5;14m= \u001b[0m\u001b[0m\u001b[1m\u001b[38;5;15mnote\u001b[0m\u001b[0m: required for `std::ops::Range<(&str, &str, &str, &str, &str)>` to implement `Iterator`\u001b[0m\n\u001b[0m   \u001b[0m\u001b[0m\u001b[1m\u001b[38;5;14m= \u001b[0m\u001b[0m\u001b[1m\u001b[38;5;15mnote\u001b[0m\u001b[0m: required for `std::ops::Range<(&str, &str, &str, &str, &str)>` to implement `IntoIterator`\u001b[0m\n\n"}
{"message":"no method named `as_bytes` found for tuple `(&str, &str, &str, &str, &str)` in the current scope","code":{"code":"E0599","explanation":"This error occurs when a method is used on a type which doesn't implement it:\n\nErroneous code example:\n\n```compile_fail,E0599\nstruct Mouth;\n\nlet x = Mouth;\nx.chocolate(); // error: no method named `chocolate` found for type `Mouth`\n               //        in the current scope\n```\n\nIn this case, you need to implement the `chocolate` method to fix the error:\n\n```\nstruct Mouth;\n\nimpl Mouth {\n    fn chocolate(&self) { // We implement the `chocolate` method here.\n        println!(\"Hmmm! I love chocolate!\");\n    }\n}\n\nlet x = Mouth;\nx.chocolate(); // ok!\n```\n"},"level":"error","spans":[{"file_name":"src\\main.rs","byte_start":1756,"byte_end":1764,"line_start":51,"line_end":51,"column_start":26,"column_end":34,"is_primary":true,"text":[{"text":"        file.write_all(g.as_bytes()).expect(\"write failed\");","highlight_start":26,"highlight_end":34}],"label":"method not found in `(&str, &str, &str, &str, &str)`","suggested_replacement":null,"suggestion_applicability":null,"expansion":null}],"children":[],"rendered":"\u001b[0m\u001b[1m\u001b[38;5;9merror[E0599]\u001b[0m\u001b[0m\u001b[1m\u001b[38;5;15m: no method named `as_bytes` found for tuple `(&str, &str, &str, &str, &str)` in the current scope\u001b[0m\n\u001b[0m  \u001b[0m\u001b[0m\u001b[1m\u001b[38;5;14m--> \u001b[0m\u001b[0msrc\\main.rs:51:26\u001b[0m\n\u001b[0m   \u001b[0m\u001b[0m\u001b[1m\u001b[38;5;14m|\u001b[0m\n\u001b[0m\u001b[1m\u001b[38;5;14m51\u001b[0m\u001b[0m \u001b[0m\u001b[0m\u001b[1m\u001b[38;5;14m|\u001b[0m\u001b[0m \u001b[0m\u001b[0m        file.write_all(g.as_bytes()).expect(\"write failed\");\u001b[0m\n\u001b[0m   \u001b[0m\u001b[0m\u001b[1m\u001b[38;5;14m| \u001b[0m\u001b[0m                         \u001b[0m\u001b[0m\u001b[1m\u001b[38;5;9m^^^^^^^^\u001b[0m\u001b[0m \u001b[0m\u001b[0m\u001b[1m\u001b[38;5;9mmethod not found in `(&str, &str, &str, &str, &str)`\u001b[0m\n\n"}
{"message":"aborting due to 17 previous errors; 1 warning emitted","code":null,"level":"error","spans":[],"children":[],"rendered":"\u001b[0m\u001b[1m\u001b[38;5;9merror\u001b[0m\u001b[0m\u001b[1m\u001b[38;5;15m: aborting due to 17 previous errors; 1 warning emitted\u001b[0m\n\n"}
{"message":"Some errors have detailed explanations: E0277, E0308, E0369, E0599.","code":null,"level":"failure-note","spans":[],"children":[],"rendered":"\u001b[0m\u001b[1m\u001b[38;5;15mSome errors have detailed explanations: E0277, E0308, E0369, E0599.\u001b[0m\n"}
{"message":"For more information about an error, try `rustc --explain E0277`.","code":null,"level":"failure-note","spans":[],"children":[],"rendered":"\u001b[0m\u001b[1m\u001b[38;5;15mFor more information about an error, try `rustc --explain E0277`.\u001b[0m\n"}
